2018-12-28 11:01:04 INFO  JavaRushTasksProjectComponent.projectOpened(68) - ---------- Project JavaRushTasks opened ----------
2018-12-28 11:01:04 INFO  JavaRushTasksProjectComponent.projectOpened(69) - ---------- Version 3.23 ----------

2018-12-28 11:01:04 INFO  JavaRushTasksProjectComponent.setAutoscrolls(343) - Autoscrolls успешно установлены
2018-12-28 11:01:07 INFO  ApacheHttpClient.refreshUserInfo(294) - responseCode = 200
2018-12-28 11:01:07 INFO  ApacheHttpClient.refreshUserInfo(300) - Информация о пользователе получена.
2018-12-28 11:01:07 INFO  ApacheHttpClient.startGA(31) - GAService запущен.
2018-12-28 11:01:07 INFO  AbstractRestApiClient.startService(70) - EventsService запущен.
2018-12-28 11:02:11 INFO  ApacheHttpClient.getWebResourceAsStream(490) - responseCode = 200
2018-12-28 11:02:11 INFO  ApacheHttpClient.getFilteredTasks(327) - responseCode = 200
2018-12-28 11:02:23 INFO  ApacheHttpClient.getFilteredTasks(327) - responseCode = 200
2018-12-28 11:05:04 INFO  ApacheHttpClient.getWebResourceAsStream(490) - responseCode = 200
2018-12-28 11:05:04 INFO  ApacheHttpClient.getFilteredTasks(327) - responseCode = 200
2018-12-28 11:05:06 INFO  ApacheHttpClient.getTaskTemplateInfo(344) - responseCode = 200
2018-12-28 11:05:07 INFO  ApacheHttpClient.sendEvent(523) - responseCode = 200
2018-12-28 11:05:08 INFO  ApacheHttpClient.testConnection(190) - responseCode = 200
2018-12-28 11:05:08 INFO  ApacheHttpClient.testConnection(201) - result = true
2018-12-28 11:05:09 INFO  ApacheHttpClient.testConnection(190) - responseCode = 200
2018-12-28 11:05:09 INFO  ApacheHttpClient.testConnection(201) - result = true
2018-12-28 11:05:11 INFO  ApacheHttpClient.getWebResourceAsStream(490) - responseCode = 200
2018-12-28 11:06:07 INFO  ApacheHttpClient.sendEvent(523) - responseCode = 200
2018-12-28 11:07:07 INFO  ApacheHttpClient.sendEvent(523) - responseCode = 200
2018-12-28 11:07:13 INFO  ApacheHttpClient.getWebResourceAsStream(490) - responseCode = 200
2018-12-28 11:07:13 INFO  ApacheHttpClient.getTask(475) - responseCode = 200
2018-12-28 11:07:13 INFO  ApacheHttpClient.getWebResourceAsStream(490) - responseCode = 200
2018-12-28 11:07:15 INFO  ApacheHttpClient.completed(27) - responseCode = 200
2018-12-28 11:07:15 INFO  ApacheHttpClient.getTask(475) - responseCode = 200
2018-12-28 11:07:28 INFO  ApacheHttpClient.getWebResourceAsStream(490) - responseCode = 200
2018-12-28 11:07:28 INFO  ApacheHttpClient.getFilteredTasks(327) - responseCode = 200
2018-12-28 11:07:30 INFO  ApacheHttpClient.getTaskTemplateInfo(344) - responseCode = 200
2018-12-28 11:07:32 INFO  ApacheHttpClient.testConnection(190) - responseCode = 200
2018-12-28 11:07:32 INFO  ApacheHttpClient.testConnection(201) - result = true
2018-12-28 11:07:33 INFO  ApacheHttpClient.testConnection(190) - responseCode = 200
2018-12-28 11:07:33 INFO  ApacheHttpClient.testConnection(201) - result = true
2018-12-28 11:07:34 INFO  ApacheHttpClient.getWebResourceAsStream(490) - responseCode = 200
2018-12-28 11:08:07 INFO  ApacheHttpClient.sendEvent(523) - responseCode = 200
2018-12-28 11:09:07 INFO  ApacheHttpClient.sendEvent(523) - responseCode = 200
2018-12-28 11:10:07 INFO  ApacheHttpClient.sendEvent(523) - responseCode = 200
2018-12-28 11:11:07 INFO  ApacheHttpClient.sendEvent(523) - responseCode = 200
2018-12-28 11:12:07 INFO  ApacheHttpClient.sendEvent(523) - responseCode = 200
2018-12-28 11:13:07 INFO  ApacheHttpClient.sendEvent(523) - responseCode = 200
2018-12-28 11:13:07 INFO  ApacheHttpClient.sendEvent(523) - responseCode = 200
2018-12-28 11:14:07 INFO  ApacheHttpClient.sendEvent(523) - responseCode = 200
2018-12-28 11:14:07 INFO  ApacheHttpClient.sendEvent(523) - responseCode = 200
2018-12-28 11:15:07 INFO  ApacheHttpClient.sendEvent(523) - responseCode = 200
2018-12-28 11:15:07 INFO  ApacheHttpClient.sendEvent(523) - responseCode = 200
